<?xml version="1.0" encoding="UTF-8"?>
<!-- Generated by org.testng.reporters.JUnitXMLReporter -->
<testsuite hostname="INDRAJOLES1" name="Default test" tests="3" failures="0" timestamp="19 Sep 2021 10:01:22 GMT" time="28.139" errors="0">
  <testcase name="initbrowser" time="3.028" classname="com.demoworkflow.automation.demoworkflow.browserTestsTest"/>
  <testcase name="gotowebsite" time="24.839" classname="com.demoworkflow.automation.demoworkflow.browserTestsTest"/>
  <testcase name="closeborwser" time="0.246" classname="com.demoworkflow.automation.demoworkflow.browserTestsTest"/>
</testsuite> <!-- Default test -->
