<?xml version="1.0" encoding="UTF-8"?>
<testng-results skipped="0" failed="0" total="3" passed="3">
  <reporter-output>
  </reporter-output>
  <suite name="Default suite" duration-ms="28139" started-at="2021-09-19T10:00:54Z" finished-at="2021-09-19T10:01:22Z">
    <groups>
    </groups>
    <test name="Default test" duration-ms="28139" started-at="2021-09-19T10:00:54Z" finished-at="2021-09-19T10:01:22Z">
      <class name="com.demoworkflow.automation.demoworkflow.browserTestsTest">
        <test-method status="PASS" signature="initbrowser()[pri:1, instance:com.demoworkflow.automation.demoworkflow.browserTestsTest@51081592]" name="initbrowser" duration-ms="3028" started-at="2021-09-19T15:30:54Z" finished-at="2021-09-19T15:30:57Z">
          <reporter-output>
          </reporter-output>
        </test-method> <!-- initbrowser -->
        <test-method status="PASS" signature="gotowebsite()[pri:2, instance:com.demoworkflow.automation.demoworkflow.browserTestsTest@51081592]" name="gotowebsite" duration-ms="24839" started-at="2021-09-19T15:30:57Z" finished-at="2021-09-19T15:31:22Z">
          <reporter-output>
          </reporter-output>
        </test-method> <!-- gotowebsite -->
        <test-method status="PASS" signature="closeborwser()[pri:3, instance:com.demoworkflow.automation.demoworkflow.browserTestsTest@51081592]" name="closeborwser" duration-ms="246" started-at="2021-09-19T15:31:22Z" depends-on-methods="com.demoworkflow.automation.demoworkflow.browserTestsTest.initbrowser" finished-at="2021-09-19T15:31:22Z">
          <reporter-output>
          </reporter-output>
        </test-method> <!-- closeborwser -->
      </class> <!-- com.demoworkflow.automation.demoworkflow.browserTestsTest -->
    </test> <!-- Default test -->
  </suite> <!-- Default suite -->
</testng-results>
